<?xml version="1.0" encoding="UTF-8"?>
<!-- Generated by org.testng.reporters.JUnitReportReporter -->
<testsuite hostname="DESKTOP-EE6LQQL" failures="0" tests="1" name="Sample.Para_2" time="34.301" errors="0" timestamp="2023-02-02T12:55:21 IST" skipped="0">
  <testcase classname="Sample.Para_2" name="createcustome" time="34.301"/>
  <system-out/>
</testsuite> <!-- Sample.Para_2 -->
