<?xml version="1.0" encoding="UTF-8"?>
<!-- Generated by org.testng.reporters.JUnitReportReporter -->
<testsuite hostname="DESKTOP-EE6LQQL" failures="0" tests="3" name="Sample.A" time="0.025" errors="0" timestamp="2023-01-11T10:28:03 IST" skipped="0">
  <testcase classname="Sample.A" name="deletecustomer" time="0.003"/>
  <system-out/>
  <testcase classname="Sample.A" name="modifycustomer" time="0.003"/>
  <system-out/>
  <testcase classname="Sample.A" name="createcustomer" time="0.019"/>
  <system-out/>
</testsuite> <!-- Sample.A -->
