<?xml version="1.0" encoding="UTF-8"?>
<!-- Generated by org.testng.reporters.JUnitReportReporter -->
<testsuite hostname="DESKTOP-EE6LQQL" failures="0" tests="3" name="Data_control.User" time="0.024" errors="0" timestamp="2023-01-31T19:05:12 IST" skipped="0">
  <testcase classname="Data_control.User" name="createuser" time="0.003"/>
  <system-out/>
  <testcase classname="Data_control.User" name="createuser" time="0.004"/>
  <system-out/>
  <testcase classname="Data_control.User" name="createuser" time="0.017"/>
  <system-out/>
</testsuite> <!-- Data_control.User -->
