<?xml version="1.0" encoding="UTF-8"?>
<!-- Generated by org.testng.reporters.JUnitReportReporter -->
<testsuite hostname="DESKTOP-EE6LQQL" failures="0" tests="4" name="Page_Factory.Customer" time="0.049" errors="0" timestamp="2023-02-02T16:42:55 IST" skipped="0">
  <testcase classname="Page_Factory.Customer" name="createcustomer" time="0.033"/>
  <system-out/>
  <testcase classname="Page_Factory.Customer" name="createcustomer" time="0.004"/>
  <system-out/>
  <testcase classname="Page_Factory.Customer" name="createcustomer" time="0.006"/>
  <system-out/>
  <testcase classname="Page_Factory.Customer" name="createcustomer" time="0.006"/>
  <system-out/>
</testsuite> <!-- Page_Factory.Customer -->
