<?xml version="1.0" encoding="UTF-8"?>
<!-- Generated by org.testng.reporters.JUnitReportReporter -->
<testsuite hostname="DESKTOP-EE6LQQL" failures="0" tests="1" name="Page_Factory.Run" time="5.686" errors="0" timestamp="2023-02-02T16:46:48 IST" skipped="0">
  <testcase classname="Page_Factory.Run" name="lgn" time="5.686"/>
  <system-out/>
</testsuite> <!-- Page_Factory.Run -->
