<?xml version="1.0" encoding="UTF-8"?>
<!-- Generated by org.testng.reporters.JUnitReportReporter -->
<testsuite hostname="DESKTOP-EE6LQQL" failures="0" tests="1" name="Sample.AAA" time="32.783" errors="0" timestamp="2023-01-31T13:46:17 IST" skipped="0">
  <testcase classname="Sample.AAA" name="deletecustomer" time="32.783"/>
  <system-out/>
</testsuite> <!-- Sample.AAA -->
