<?xml version="1.0" encoding="UTF-8"?>
<!-- Generated by org.testng.reporters.JUnitReportReporter -->
<testsuite hostname="DESKTOP-EE6LQQL" failures="0" tests="1" name="Sample.Para_1" time="42.571" errors="0" timestamp="2023-02-02T12:55:21 IST" skipped="0">
  <testcase classname="Sample.Para_1" name="deletecustomer" time="42.571"/>
  <system-out/>
</testsuite> <!-- Sample.Para_1 -->
