<?xml version="1.0" encoding="UTF-8"?>
<!-- Generated by org.testng.reporters.JUnitReportReporter -->
<testsuite hostname="DESKTOP-EE6LQQL" failures="0" tests="1" name="Sample.AAAA" time="41.823" errors="0" timestamp="2023-01-12T10:33:18 IST" skipped="0">
  <testcase classname="Sample.AAAA" name="createcustome" time="41.823"/>
  <system-out/>
</testsuite> <!-- Sample.AAAA -->
