<?xml version="1.0" encoding="UTF-8"?>
<!-- Generated by org.testng.reporters.JUnitReportReporter -->
<testsuite hostname="DESKTOP-EE6LQQL" failures="0" tests="7" name="TestNG.Customer" time="0.051" errors="0" timestamp="2023-02-03T13:44:37 IST" skipped="0">
  <testcase classname="TestNG.Customer" name="createcustomer" time="0.002"/>
  <system-out/>
  <testcase classname="TestNG.Customer" name="createcustomer" time="0.002"/>
  <system-out/>
  <testcase classname="TestNG.Customer" name="createcustomer" time="0.004"/>
  <system-out/>
  <testcase classname="TestNG.Customer" name="createcustomer" time="0.036"/>
  <system-out/>
  <testcase classname="TestNG.Customer" name="createcustomer" time="0.003"/>
  <system-out/>
  <testcase classname="TestNG.Customer" name="createcustomer" time="0.002"/>
  <system-out/>
  <testcase classname="TestNG.Customer" name="createcustomer" time="0.002"/>
  <system-out/>
</testsuite> <!-- TestNG.Customer -->
