<?xml version="1.0" encoding="UTF-8"?>
<!-- Generated by org.testng.reporters.JUnitReportReporter -->
<testsuite hostname="DESKTOP-EE6LQQL" failures="0" tests="2" name="TestNG.Depends_on_method" time="0.022" errors="0" timestamp="2023-01-31T16:48:18 IST" skipped="0">
  <testcase classname="TestNG.Depends_on_method" name="Amazon_purchase" time="0.019"/>
  <system-out/>
  <testcase classname="TestNG.Depends_on_method" name="Amazon_Payment" time="0.003"/>
  <system-out/>
</testsuite> <!-- TestNG.Depends_on_method -->
