<?xml version="1.0" encoding="UTF-8"?>
<!-- Generated by org.testng.reporters.JUnitReportReporter -->
<testsuite hostname="DESKTOP-EE6LQQL" failures="0" tests="2" name="TestNG.Group_Execution" time="0.022" errors="0" timestamp="2023-01-31T16:47:11 IST" skipped="0">
  <testcase classname="TestNG.Group_Execution" name="createcustomer_admin" time="0.020"/>
  <system-out/>
  <testcase classname="TestNG.Group_Execution" name="createcustomer_user" time="0.002"/>
  <system-out/>
</testsuite> <!-- TestNG.Group_Execution -->
